<?xml version="1.0" encoding="UTF-8"?>
<coverage generated="1689163012233" clover="3.2.0">
  <project timestamp="1689163012233" name="All files">
    <metrics statements="30" coveredstatements="29" conditionals="14" coveredconditionals="13" methods="7" coveredmethods="6" elements="51" coveredelements="48" complexity="0" loc="30" ncloc="30" packages="1" files="1" classes="1"/>
    <file name="index.js" path="/Users/v.paskova/Desktop/frontend-project-46/src/index.js">
      <metrics statements="30" coveredstatements="29" conditionals="14" coveredconditionals="13" methods="7" coveredmethods="6"/>
      <line num="7" count="1" type="stmt"/>
      <line num="9" count="2" type="stmt"/>
      <line num="10" count="2" type="stmt"/>
      <line num="12" count="1" type="stmt"/>
      <line num="13" count="2" type="cond" truecount="1" falsecount="1"/>
      <line num="14" count="2" type="stmt"/>
      <line num="16" count="0" type="stmt"/>
      <line num="19" count="1" type="stmt"/>
      <line num="20" count="1" type="stmt"/>
      <line num="21" count="1" type="stmt"/>
      <line num="23" count="1" type="stmt"/>
      <line num="25" count="1" type="stmt"/>
      <line num="26" count="7" type="cond" truecount="2" falsecount="0"/>
      <line num="27" count="1" type="stmt"/>
      <line num="32" count="6" type="cond" truecount="2" falsecount="0"/>
      <line num="33" count="2" type="stmt"/>
      <line num="38" count="4" type="cond" truecount="2" falsecount="0"/>
      <line num="39" count="2" type="stmt"/>
      <line num="46" count="2" type="stmt"/>
      <line num="53" count="1" type="stmt"/>
      <line num="54" count="7" type="cond" truecount="2" falsecount="0"/>
      <line num="55" count="1" type="stmt"/>
      <line num="56" count="6" type="cond" truecount="2" falsecount="0"/>
      <line num="57" count="2" type="stmt"/>
      <line num="58" count="4" type="cond" truecount="2" falsecount="0"/>
      <line num="59" count="2" type="stmt"/>
      <line num="61" count="2" type="stmt"/>
      <line num="63" count="1" type="stmt"/>
      <line num="64" count="1" type="stmt"/>
      <line num="65" count="1" type="stmt"/>
    </file>
  </project>
</coverage>
