{"/Users/v.paskova/Desktop/frontend-project-46/src/index.js": {"path":"/Users/v.paskova/Desktop/frontend-project-46/src/index.js","statementMap":{"0":{"start":{"line":7,"column":27},"end":{"line":7,"column":78}},"1":{"start":{"line":7,"column":41},"end":{"line":7,"column":78}},"2":{"start":{"line":9,"column":20},"end":{"line":9,"column":59}},"3":{"start":{"line":9,"column":34},"end":{"line":9,"column":59}},"4":{"start":{"line":10,"column":25},"end":{"line":10,"column":61}},"5":{"start":{"line":10,"column":39},"end":{"line":10,"column":61}},"6":{"start":{"line":12,"column":26},"end":{"line":17,"column":1}},"7":{"start":{"line":13,"column":2},"end":{"line":15,"column":3}},"8":{"start":{"line":14,"column":4},"end":{"line":14,"column":45}},"9":{"start":{"line":16,"column":2},"end":{"line":16,"column":32}},"10":{"start":{"line":19,"column":16},"end":{"line":66,"column":1}},"11":{"start":{"line":20,"column":20},"end":{"line":20,"column":66}},"12":{"start":{"line":21,"column":20},"end":{"line":21,"column":66}},"13":{"start":{"line":23,"column":15},"end":{"line":23,"column":84}},"14":{"start":{"line":25,"column":19},"end":{"line":51,"column":4}},"15":{"start":{"line":26,"column":4},"end":{"line":32,"column":5}},"16":{"start":{"line":27,"column":6},"end":{"line":31,"column":8}},"17":{"start":{"line":32,"column":6},"end":{"line":38,"column":5}},"18":{"start":{"line":33,"column":6},"end":{"line":37,"column":8}},"19":{"start":{"line":38,"column":6},"end":{"line":45,"column":5}},"20":{"start":{"line":39,"column":6},"end":{"line":44,"column":8}},"21":{"start":{"line":46,"column":4},"end":{"line":50,"column":6}},"22":{"start":{"line":53,"column":27},"end":{"line":62,"column":4}},"23":{"start":{"line":54,"column":4},"end":{"line":56,"column":5}},"24":{"start":{"line":55,"column":6},"end":{"line":55,"column":46}},"25":{"start":{"line":56,"column":6},"end":{"line":58,"column":5}},"26":{"start":{"line":57,"column":6},"end":{"line":57,"column":46}},"27":{"start":{"line":58,"column":6},"end":{"line":60,"column":5}},"28":{"start":{"line":59,"column":6},"end":{"line":59,"column":85}},"29":{"start":{"line":61,"column":4},"end":{"line":61,"column":44}},"30":{"start":{"line":63,"column":19},"end":{"line":63,"column":43}},"31":{"start":{"line":64,"column":17},"end":{"line":64,"column":47}},"32":{"start":{"line":65,"column":2},"end":{"line":65,"column":16}}},"fnMap":{"0":{"name":"(anonymous_0)","decl":{"start":{"line":7,"column":27},"end":{"line":7,"column":28}},"loc":{"start":{"line":7,"column":41},"end":{"line":7,"column":78}},"line":7},"1":{"name":"(anonymous_1)","decl":{"start":{"line":9,"column":20},"end":{"line":9,"column":21}},"loc":{"start":{"line":9,"column":34},"end":{"line":9,"column":59}},"line":9},"2":{"name":"(anonymous_2)","decl":{"start":{"line":10,"column":25},"end":{"line":10,"column":26}},"loc":{"start":{"line":10,"column":39},"end":{"line":10,"column":61}},"line":10},"3":{"name":"(anonymous_3)","decl":{"start":{"line":12,"column":26},"end":{"line":12,"column":27}},"loc":{"start":{"line":12,"column":40},"end":{"line":17,"column":1}},"line":12},"4":{"name":"(anonymous_4)","decl":{"start":{"line":19,"column":16},"end":{"line":19,"column":17}},"loc":{"start":{"line":19,"column":42},"end":{"line":66,"column":1}},"line":19},"5":{"name":"(anonymous_5)","decl":{"start":{"line":25,"column":28},"end":{"line":25,"column":29}},"loc":{"start":{"line":25,"column":46},"end":{"line":51,"column":3}},"line":25},"6":{"name":"(anonymous_6)","decl":{"start":{"line":53,"column":40},"end":{"line":53,"column":41}},"loc":{"start":{"line":53,"column":50},"end":{"line":62,"column":3}},"line":53}},"branchMap":{"0":{"loc":{"start":{"line":13,"column":2},"end":{"line":15,"column":3}},"type":"if","locations":[{"start":{"line":13,"column":2},"end":{"line":15,"column":3}},{"start":{},"end":{}}],"line":13},"1":{"loc":{"start":{"line":26,"column":4},"end":{"line":32,"column":5}},"type":"if","locations":[{"start":{"line":26,"column":4},"end":{"line":32,"column":5}},{"start":{},"end":{}}],"line":26},"2":{"loc":{"start":{"line":32,"column":6},"end":{"line":38,"column":5}},"type":"if","locations":[{"start":{"line":32,"column":6},"end":{"line":38,"column":5}},{"start":{},"end":{}}],"line":32},"3":{"loc":{"start":{"line":38,"column":6},"end":{"line":45,"column":5}},"type":"if","locations":[{"start":{"line":38,"column":6},"end":{"line":45,"column":5}},{"start":{},"end":{}}],"line":38},"4":{"loc":{"start":{"line":54,"column":4},"end":{"line":56,"column":5}},"type":"if","locations":[{"start":{"line":54,"column":4},"end":{"line":56,"column":5}},{"start":{},"end":{}}],"line":54},"5":{"loc":{"start":{"line":56,"column":6},"end":{"line":58,"column":5}},"type":"if","locations":[{"start":{"line":56,"column":6},"end":{"line":58,"column":5}},{"start":{},"end":{}}],"line":56},"6":{"loc":{"start":{"line":58,"column":6},"end":{"line":60,"column":5}},"type":"if","locations":[{"start":{"line":58,"column":6},"end":{"line":60,"column":5}},{"start":{},"end":{}}],"line":58}},"s":{"0":1,"1":0,"2":1,"3":2,"4":1,"5":2,"6":1,"7":2,"8":2,"9":0,"10":1,"11":1,"12":1,"13":1,"14":1,"15":7,"16":1,"17":6,"18":2,"19":4,"20":2,"21":2,"22":1,"23":7,"24":1,"25":6,"26":2,"27":4,"28":2,"29":2,"30":1,"31":1,"32":1},"f":{"0":0,"1":2,"2":2,"3":2,"4":1,"5":7,"6":7},"b":{"0":[2,0],"1":[1,6],"2":[2,4],"3":[2,2],"4":[1,6],"5":[2,4],"6":[2,2]},"_coverageSchema":"1a1c01bbd47fc00a2c39e90264f33305004495a9","hash":"3ebd2611dddd593b8f1521f2a550d988862aee2d"}
}
