TN:
SF:src/index.js
FN:7,(anonymous_0)
FN:9,(anonymous_1)
FN:10,(anonymous_2)
FN:12,(anonymous_3)
FN:19,(anonymous_4)
FN:25,(anonymous_5)
FN:53,(anonymous_6)
FNF:7
FNH:6
FNDA:0,(anonymous_0)
FNDA:2,(anonymous_1)
FNDA:2,(anonymous_2)
FNDA:2,(anonymous_3)
FNDA:1,(anonymous_4)
FNDA:7,(anonymous_5)
FNDA:7,(anonymous_6)
DA:7,1
DA:9,2
DA:10,2
DA:12,1
DA:13,2
DA:14,2
DA:16,0
DA:19,1
DA:20,1
DA:21,1
DA:23,1
DA:25,1
DA:26,7
DA:27,1
DA:32,6
DA:33,2
DA:38,4
DA:39,2
DA:46,2
DA:53,1
DA:54,7
DA:55,1
DA:56,6
DA:57,2
DA:58,4
DA:59,2
DA:61,2
DA:63,1
DA:64,1
DA:65,1
LF:30
LH:29
BRDA:13,0,0,2
BRDA:13,0,1,0
BRDA:26,1,0,1
BRDA:26,1,1,6
BRDA:32,2,0,2
BRDA:32,2,1,4
BRDA:38,3,0,2
BRDA:38,3,1,2
BRDA:54,4,0,1
BRDA:54,4,1,6
BRDA:56,5,0,2
BRDA:56,5,1,4
BRDA:58,6,0,2
BRDA:58,6,1,2
BRF:14
BRH:13
end_of_record
